TN:
SF:src\index.ts
FNF:0
FNH:0
LF:0
LH:0
BRF:0
BRH:0
end_of_record
TN:
SF:src\API\BackplaneClient.ts
FN:36,(anonymous_0)
FN:42,(anonymous_1)
FN:51,(anonymous_2)
FN:72,(anonymous_3)
FN:79,(anonymous_4)
FN:88,(anonymous_5)
FN:93,(anonymous_6)
FN:99,(anonymous_7)
FN:130,(anonymous_8)
FN:134,(anonymous_9)
FN:140,(anonymous_10)
FNF:11
FNH:9
FNDA:8,(anonymous_0)
FNDA:1,(anonymous_1)
FNDA:1,(anonymous_2)
FNDA:0,(anonymous_3)
FNDA:1,(anonymous_4)
FNDA:1,(anonymous_5)
FNDA:1,(anonymous_6)
FNDA:0,(anonymous_7)
FNDA:1,(anonymous_8)
FNDA:1,(anonymous_9)
FNDA:1,(anonymous_10)
DA:6,1
DA:27,1
DA:33,8
DA:34,8
DA:37,8
DA:38,8
DA:39,8
DA:43,1
DA:44,1
DA:45,1
DA:46,0
DA:52,1
DA:53,1
DA:54,1
DA:55,0
DA:58,0
DA:60,0
DA:64,1
DA:65,1
DA:71,1
DA:73,0
DA:74,0
DA:80,1
DA:81,1
DA:82,1
DA:83,1
DA:85,0
DA:89,1
DA:90,1
DA:94,1
DA:95,1
DA:96,1
DA:97,0
DA:99,1
DA:100,1
DA:102,0
DA:103,0
DA:104,0
DA:107,0
DA:108,0
DA:109,0
DA:110,0
DA:112,0
DA:113,0
DA:118,0
DA:120,0
DA:123,0
DA:124,0
DA:125,0
DA:127,0
DA:131,1
DA:135,1
DA:136,1
DA:137,0
DA:141,1
DA:142,1
DA:143,0
DA:144,0
DA:145,0
DA:146,0
DA:147,0
DA:148,0
DA:151,1
LF:63
LH:33
BRDA:37,0,0,3
BRDA:37,0,1,5
BRDA:37,1,0,8
BRDA:37,1,1,8
BRDA:43,2,0,1
BRDA:43,2,1,0
BRDA:43,3,0,1
BRDA:43,3,1,1
BRDA:44,4,0,1
BRDA:44,4,1,0
BRDA:44,5,0,1
BRDA:44,5,1,1
BRDA:54,6,0,0
BRDA:54,6,1,1
BRDA:55,7,0,0
BRDA:55,7,1,0
BRDA:73,8,0,0
BRDA:73,8,1,0
BRDA:73,9,0,0
BRDA:73,9,1,0
BRDA:81,10,0,1
BRDA:81,10,1,0
BRDA:95,11,0,0
BRDA:95,11,1,1
BRDA:95,12,0,1
BRDA:95,12,1,0
BRDA:96,13,0,0
BRDA:96,13,1,1
BRDA:100,14,0,1
BRDA:100,14,1,0
BRDA:102,15,0,0
BRDA:102,15,1,0
BRDA:112,16,0,0
BRDA:112,16,1,0
BRDA:123,17,0,0
BRDA:123,17,1,0
BRDA:136,18,0,1
BRDA:136,18,1,0
BRDA:141,19,0,1
BRDA:141,19,1,0
BRDA:141,20,0,1
BRDA:141,20,1,1
BRDA:142,21,0,0
BRDA:142,21,1,1
BRDA:147,22,0,0
BRDA:147,22,1,0
BRDA:147,23,0,0
BRDA:147,23,1,0
BRF:48
BRH:21
end_of_record
TN:
SF:src\DTO\receive\MessageEnvelope.ts
FNF:0
FNH:0
LF:0
LH:0
BRF:0
BRH:0
end_of_record
TN:
SF:src\DTO\send\BroadcastContextEnvelope.ts
FNF:0
FNH:0
LF:0
LH:0
BRF:0
BRH:0
end_of_record
TN:
SF:src\broadcast\channels\ChannelClient.ts
FN:15,(anonymous_0)
FN:22,(anonymous_1)
FN:27,(anonymous_2)
FN:33,(anonymous_3)
FNF:4
FNH:4
FNDA:3,(anonymous_0)
FNDA:1,(anonymous_1)
FNDA:1,(anonymous_2)
FNDA:1,(anonymous_3)
DA:8,1
DA:13,3
DA:16,3
DA:17,3
DA:18,3
DA:19,3
DA:23,1
DA:24,1
DA:28,1
DA:34,1
DA:35,1
DA:36,1
LF:12
LH:12
BRF:0
BRH:0
end_of_record
TN:
SF:src\discovery\BackplaneDiscoveryServiceClient.ts
FN:10,(anonymous_0)
FN:15,(anonymous_1)
FN:17,(anonymous_2)
FNF:3
FNH:3
FNDA:25,(anonymous_0)
FNDA:5,(anonymous_1)
FNDA:5,(anonymous_2)
DA:8,1
DA:11,25
DA:16,5
DA:17,5
DA:18,5
LF:5
LH:5
BRF:0
BRH:0
end_of_record
TN:
SF:src\logging\LogForwarder.ts
FN:11,(anonymous_0)
FN:15,(anonymous_1)
FNF:2
FNH:2
FNDA:9,(anonymous_0)
FNDA:33,(anonymous_1)
DA:6,1
DA:9,1
DA:12,9
DA:16,33
DA:18,9
DA:19,9
DA:21,5
DA:22,5
DA:24,17
DA:25,17
DA:27,1
DA:28,1
DA:30,1
DA:31,1
DA:33,0
LF:15
LH:14
BRDA:16,0,0,9
BRDA:16,0,1,5
BRDA:16,0,2,17
BRDA:16,0,3,1
BRDA:16,0,4,1
BRDA:16,0,5,0
BRF:6
BRH:5
end_of_record
TN:
SF:src\repository\ChannelsRepository.ts
FN:20,(anonymous_1)
FN:27,(anonymous_2)
FN:30,(anonymous_3)
FN:35,(anonymous_4)
FN:40,(anonymous_5)
FNF:5
FNH:4
FNDA:18,(anonymous_1)
FNDA:1,(anonymous_2)
FNDA:2,(anonymous_3)
FNDA:0,(anonymous_4)
FNDA:1,(anonymous_5)
DA:10,1
DA:11,1
DA:14,1
DA:21,18
DA:22,18
DA:23,18
DA:24,18
DA:28,1
DA:31,2
DA:32,2
DA:33,2
DA:34,0
DA:35,0
DA:36,0
DA:41,1
LF:15
LH:12
BRDA:33,0,0,2
BRDA:33,0,1,0
BRF:2
BRH:1
end_of_record
TN:
SF:src\service\ClientMiddleware.ts
FN:28,(anonymous_0)
FN:33,(anonymous_1)
FN:39,(anonymous_2)
FN:43,(anonymous_3)
FN:48,(anonymous_4)
FN:58,(anonymous_5)
FN:71,(anonymous_6)
FNF:7
FNH:5
FNDA:16,(anonymous_0)
FNDA:0,(anonymous_1)
FNDA:0,(anonymous_2)
FNDA:1,(anonymous_3)
FNDA:2,(anonymous_4)
FNDA:3,(anonymous_5)
FNDA:1,(anonymous_6)
DA:6,1
DA:9,1
DA:17,1
DA:18,1
DA:21,1
DA:29,16
DA:30,16
DA:31,16
DA:32,16
DA:33,16
DA:34,0
DA:36,16
DA:40,0
DA:44,1
DA:45,0
DA:49,2
DA:50,2
DA:51,0
DA:59,3
DA:60,3
DA:61,3
DA:62,0
DA:63,0
DA:64,0
DA:66,3
DA:67,3
DA:70,3
DA:72,1
DA:73,1
DA:74,1
LF:30
LH:23
BRDA:50,0,0,2
BRDA:50,0,1,0
BRDA:61,1,0,0
BRDA:61,1,1,3
BRDA:63,2,0,0
BRDA:63,2,1,0
BRDA:63,3,0,0
BRDA:63,3,1,0
BRF:8
BRH:2
end_of_record
TN:
SF:src\transport\BackplaneTransport.ts
FN:18,(anonymous_1)
FN:23,(anonymous_2)
FN:30,(anonymous_3)
FN:40,(anonymous_4)
FN:45,(anonymous_5)
FNF:5
FNH:5
FNDA:24,(anonymous_1)
FNDA:2,(anonymous_2)
FNDA:4,(anonymous_3)
FNDA:17,(anonymous_4)
FNDA:5,(anonymous_5)
DA:7,1
DA:10,1
DA:12,1
DA:15,24
DA:19,24
DA:20,24
DA:24,2
DA:27,2
DA:31,4
DA:41,17
DA:42,17
DA:46,5
LF:12
LH:12
BRF:0
BRH:0
end_of_record
TN:
SF:src\utility\BackplaneTransportUtil.ts
FN:7,(anonymous_1)
FN:22,(anonymous_2)
FN:33,(anonymous_3)
FN:44,(anonymous_4)
FN:45,(anonymous_5)
FN:53,(anonymous_6)
FN:63,(anonymous_7)
FN:73,(anonymous_8)
FNF:8
FNH:2
FNDA:4,(anonymous_1)
FNDA:0,(anonymous_2)
FNDA:4,(anonymous_3)
FNDA:0,(anonymous_4)
FNDA:0,(anonymous_5)
FNDA:0,(anonymous_6)
FNDA:0,(anonymous_7)
FNDA:0,(anonymous_8)
DA:1,1
DA:2,1
DA:5,1
DA:7,1
DA:13,4
DA:14,4
DA:19,4
DA:20,4
DA:21,0
DA:22,0
DA:23,0
DA:24,0
DA:25,0
DA:27,0
DA:30,0
DA:33,1
DA:39,4
DA:40,4
DA:41,4
DA:42,4
DA:43,4
DA:44,4
DA:45,4
DA:46,0
DA:47,0
DA:48,0
DA:50,4
DA:53,1
DA:60,0
DA:64,0
DA:73,1
DA:79,0
DA:80,0
DA:81,0
DA:83,0
DA:84,0
LF:36
LH:19
BRDA:11,0,0,0
BRDA:37,1,0,4
BRDA:57,2,0,0
BRDA:77,3,0,0
BRDA:79,4,0,0
BRDA:79,4,1,0
BRDA:79,5,0,0
BRDA:79,5,1,0
BRF:8
BRH:1
end_of_record
TN:
SF:src\utility\ClientMiddlewareUtils.ts
FN:9,(anonymous_6)
FN:25,(anonymous_7)
FN:34,(anonymous_8)
FN:48,(anonymous_9)
FN:68,(anonymous_10)
FN:73,(anonymous_11)
FN:78,(anonymous_12)
FN:87,(anonymous_13)
FN:100,(anonymous_14)
FNF:9
FNH:3
FNDA:0,(anonymous_6)
FNDA:0,(anonymous_7)
FNDA:0,(anonymous_8)
FNDA:0,(anonymous_9)
FNDA:3,(anonymous_10)
FNDA:0,(anonymous_11)
FNDA:0,(anonymous_12)
FNDA:1,(anonymous_13)
FNDA:1,(anonymous_14)
DA:6,1
DA:9,1
DA:15,0
DA:20,0
DA:21,0
DA:22,0
DA:25,1
DA:30,0
DA:31,0
DA:32,0
DA:33,0
DA:34,0
DA:35,0
DA:38,0
DA:39,0
DA:41,0
DA:42,0
DA:44,0
DA:48,1
DA:55,0
DA:56,0
DA:57,0
DA:59,0
DA:60,0
DA:61,0
DA:62,0
DA:63,0
DA:64,0
DA:65,0
DA:68,1
DA:69,3
DA:70,3
DA:73,1
DA:74,0
DA:75,0
DA:76,0
DA:78,0
DA:79,0
DA:80,0
DA:82,0
DA:87,1
DA:94,1
DA:95,0
DA:96,0
DA:99,1
DA:100,1
DA:101,1
DA:102,0
DA:103,0
DA:105,1
DA:106,1
DA:108,0
LF:52
LH:15
BRDA:33,0,0,0
BRDA:33,0,1,0
BRDA:55,1,0,0
BRDA:55,1,1,0
BRDA:64,2,0,0
BRDA:64,2,1,0
BRDA:65,3,0,0
BRDA:65,3,1,0
BRDA:69,4,0,0
BRDA:69,4,1,3
BRDA:74,5,0,0
BRDA:74,5,1,0
BRDA:74,6,0,0
BRDA:74,6,1,0
BRDA:94,7,0,0
BRDA:94,7,1,1
BRDA:101,8,0,0
BRDA:101,8,1,1
BRF:18
BRH:3
end_of_record
TN:
SF:src\utility\UniqueMessageIdGenerator.ts
FN:6,(anonymous_0)
FNF:1
FNH:1
FNDA:1,(anonymous_0)
DA:6,1
DA:7,1
LF:2
LH:2
BRF:0
BRH:0
end_of_record
